<?xml version="1.0" encoding="UTF-8"?>
<testng-results total="3" passed="3" failed="0" skipped="0">
  <reporter-output>
  </reporter-output>
  <suite started-at="2022-11-15T18:42:23Z" name="Default suite" finished-at="2022-11-15T18:42:23Z" duration-ms="28">
    <groups>
    </groups>
    <test started-at="2022-11-15T18:42:23Z" name="Default test" finished-at="2022-11-15T18:42:23Z" duration-ms="28">
      <class name="testNG.dataprovider">
        <test-method signature="Login(java.lang.String, java.lang.String)[pri:1, instance:testNG.dataprovider@56c4278e]" started-at="2022-11-16T00:12:23Z" name="Login" description="Login" data-provider="LoginTest" finished-at="2022-11-16T00:12:23Z" duration-ms="10" status="PASS">
          <params>
            <param index="0">
              <value>
                <![CDATA[A@gmail.com]]>
              </value>
            </param>
            <param index="1">
              <value>
                <![CDATA[abc]]>
              </value>
            </param>
          </params>
          <reporter-output>
          </reporter-output>
        </test-method> <!-- Login -->
        <test-method signature="Login(java.lang.String, java.lang.String)[pri:1, instance:testNG.dataprovider@56c4278e]" started-at="2022-11-16T00:12:23Z" name="Login" description="Login" data-provider="LoginTest" finished-at="2022-11-16T00:12:23Z" duration-ms="1" status="PASS">
          <params>
            <param index="0">
              <value>
                <![CDATA[B@gmail.com]]>
              </value>
            </param>
            <param index="1">
              <value>
                <![CDATA[bcd]]>
              </value>
            </param>
          </params>
          <reporter-output>
          </reporter-output>
        </test-method> <!-- Login -->
        <test-method signature="Login(java.lang.String, java.lang.String)[pri:1, instance:testNG.dataprovider@56c4278e]" started-at="2022-11-16T00:12:23Z" name="Login" description="Login" data-provider="LoginTest" finished-at="2022-11-16T00:12:23Z" duration-ms="3" status="PASS">
          <params>
            <param index="0">
              <value>
                <![CDATA[c@gmail.com]]>
              </value>
            </param>
            <param index="1">
              <value>
                <![CDATA[cde]]>
              </value>
            </param>
          </params>
          <reporter-output>
          </reporter-output>
        </test-method> <!-- Login -->
      </class> <!-- testNG.dataprovider -->
    </test> <!-- Default test -->
  </suite> <!-- Default suite -->
</testng-results>
